<?xml version="1.0" encoding="UTF-8"?>
<testng-results ignored="0" total="2" passed="2" failed="0" skipped="0">
  <reporter-output>
  </reporter-output>
  <suite started-at="2025-03-24T09:18:05 IST" name="Default suite" finished-at="2025-03-24T09:18:24 IST" duration-ms="19030">
    <groups>
    </groups>
    <test started-at="2025-03-24T09:18:05 IST" name="Default test" finished-at="2025-03-24T09:18:24 IST" duration-ms="19030">
      <class name="sample.DataProviderPractice">
        <test-method signature="practice(java.lang.String,java.lang.String)[pri:0, instance:sample.DataProviderPractice@20d525]" started-at="2025-03-24T09:18:05 IST" name="practice" data-provider="getData" finished-at="2025-03-24T09:18:14 IST" duration-ms="8292" status="PASS">
          <params>
            <param index="0">
              <value>
                <![CDATA[admin]]>
              </value>
            </param>
            <param index="1">
              <value>
                <![CDATA[admin]]>
              </value>
            </param>
          </params>
          <reporter-output>
          </reporter-output>
        </test-method> <!-- practice -->
        <test-method signature="practice(java.lang.String,java.lang.String)[pri:0, instance:sample.DataProviderPractice@20d525]" started-at="2025-03-24T09:18:14 IST" name="practice" data-provider="getData" finished-at="2025-03-24T09:18:24 IST" duration-ms="10661" status="PASS">
          <params>
            <param index="0">
              <value>
                <![CDATA[admin234]]>
              </value>
            </param>
            <param index="1">
              <value>
                <![CDATA[admin345]]>
              </value>
            </param>
          </params>
          <reporter-output>
          </reporter-output>
        </test-method> <!-- practice -->
      </class> <!-- sample.DataProviderPractice -->
    </test> <!-- Default test -->
  </suite> <!-- Default suite -->
</testng-results>
